This file contains any messages produced by compilers while
running configure, to aid debugging if configure makes a mistake.

It was created by gnode configure 0.1, which was
generated by GNU Autoconf 2.69.  Invocation command line was

  $ /home/desiderantes/gnode/configure --enable-maintainer-mode CFLAGS=-g -O0 CXXFLAGS=-g -O0 JFLAGS=-g -O0 FFLAGS=-g -O0

## --------- ##
## Platform. ##
## --------- ##

hostname = plumpy
uname -m = x86_64
uname -r = 3.13.0-23-generic
uname -s = Linux
uname -v = #45-Ubuntu SMP Fri Apr 4 06:58:38 UTC 2014

/usr/bin/uname -p = unknown
/bin/uname -X     = unknown

/bin/arch              = unknown
/usr/bin/arch -k       = unknown
/usr/convex/getsysinfo = unknown
/usr/bin/hostinfo      = unknown
/bin/machine           = unknown
/usr/bin/oslevel       = unknown
/bin/universe          = unknown

PATH: /usr/local/sbin
PATH: /usr/local/bin
PATH: /usr/sbin
PATH: /usr/bin
PATH: /sbin
PATH: /bin
PATH: /usr/games
PATH: /usr/local/games


## ----------- ##
## Core tests. ##
## ----------- ##

configure:2243: checking for a BSD-compatible install
configure:2311: result: /usr/bin/install -c
configure:2322: checking whether build environment is sane
configure:2377: result: yes
configure:2528: checking for a thread-safe mkdir -p
configure:2567: result: /bin/mkdir -p
configure:2574: checking for gawk
configure:2590: found /usr/bin/gawk
configure:2601: result: gawk
configure:2612: checking whether make sets $(MAKE)
configure:2634: result: yes
configure:2663: checking whether make supports nested variables
configure:2680: result: yes
configure:2817: checking whether make supports nested variables
configure:2834: result: yes
configure:2894: checking for gcc
configure:2910: found /usr/bin/gcc
configure:2921: result: gcc
configure:3150: checking for C compiler version
configure:3159: gcc --version >&5
gcc (Ubuntu 4.8.2-19ubuntu1) 4.8.2
Copyright (C) 2013 Free Software Foundation, Inc.
This is free software; see the source for copying conditions.  There is NO
warranty; not even for MERCHANTABILITY or FITNESS FOR A PARTICULAR PURPOSE.

configure:3170: $? = 0
configure:3159: gcc -v >&5
Using built-in specs.
COLLECT_GCC=gcc
COLLECT_LTO_WRAPPER=/usr/lib/gcc/x86_64-linux-gnu/4.8/lto-wrapper
Target: x86_64-linux-gnu
Configured with: ../src/configure -v --with-pkgversion='Ubuntu 4.8.2-19ubuntu1' --with-bugurl=file:///usr/share/doc/gcc-4.8/README.Bugs --enable-languages=c,c++,java,go,d,fortran,objc,obj-c++ --prefix=/usr --program-suffix=-4.8 --enable-shared --enable-linker-build-id --libexecdir=/usr/lib --without-included-gettext --enable-threads=posix --with-gxx-include-dir=/usr/include/c++/4.8 --libdir=/usr/lib --enable-nls --with-sysroot=/ --enable-clocale=gnu --enable-libstdcxx-debug --enable-libstdcxx-time=yes --enable-gnu-unique-object --disable-libmudflap --enable-plugin --with-system-zlib --disable-browser-plugin --enable-java-awt=gtk --enable-gtk-cairo --with-java-home=/usr/lib/jvm/java-1.5.0-gcj-4.8-amd64/jre --enable-java-home --with-jvm-root-dir=/usr/lib/jvm/java-1.5.0-gcj-4.8-amd64 --with-jvm-jar-dir=/usr/lib/jvm-exports/java-1.5.0-gcj-4.8-amd64 --with-arch-directory=amd64 --with-ecj-jar=/usr/share/java/eclipse-ecj.jar --enable-objc-gc --enable-multiarch --disable-werror --with-arch-32=i686 --with-abi=m64 --with-multilib-list=m32,m64,mx32 --with-tune=generic --enable-checking=release --build=x86_64-linux-gnu --host=x86_64-linux-gnu --target=x86_64-linux-gnu
Thread model: posix
gcc version 4.8.2 (Ubuntu 4.8.2-19ubuntu1) 
configure:3170: $? = 0
configure:3159: gcc -V >&5
gcc: error: unrecognized command line option '-V'
gcc: fatal error: no input files
compilation terminated.
configure:3170: $? = 4
configure:3159: gcc -qversion >&5
gcc: error: unrecognized command line option '-qversion'
gcc: fatal error: no input files
compilation terminated.
configure:3170: $? = 4
configure:3190: checking whether the C compiler works
configure:3212: gcc -g -O0   conftest.c  >&5
configure:3216: $? = 0
configure:3264: result: yes
configure:3267: checking for C compiler default output file name
configure:3269: result: a.out
configure:3275: checking for suffix of executables
configure:3282: gcc -o conftest -g -O0   conftest.c  >&5
configure:3286: $? = 0
configure:3308: result: 
configure:3330: checking whether we are cross compiling
configure:3338: gcc -o conftest -g -O0   conftest.c  >&5
configure:3342: $? = 0
configure:3349: ./conftest
configure:3353: $? = 0
configure:3368: result: no
configure:3373: checking for suffix of object files
configure:3395: gcc -c -g -O0  conftest.c >&5
configure:3399: $? = 0
configure:3420: result: o
configure:3424: checking whether we are using the GNU C compiler
configure:3443: gcc -c -g -O0  conftest.c >&5
configure:3443: $? = 0
configure:3452: result: yes
configure:3461: checking whether gcc accepts -g
configure:3481: gcc -c -g  conftest.c >&5
configure:3481: $? = 0
configure:3522: result: yes
configure:3539: checking for gcc option to accept ISO C89
configure:3602: gcc  -c -g -O0  conftest.c >&5
configure:3602: $? = 0
configure:3615: result: none needed
configure:3640: checking whether gcc understands -c and -o together
configure:3662: gcc -c conftest.c -o conftest2.o
configure:3665: $? = 0
configure:3662: gcc -c conftest.c -o conftest2.o
configure:3665: $? = 0
configure:3677: result: yes
configure:3705: checking for style of include used by make
configure:3733: result: GNU
configure:3759: checking dependency style of gcc
configure:3870: result: gcc3
configure:3891: checking build system type
configure:3905: result: x86_64-unknown-linux-gnu
configure:3925: checking host system type
configure:3938: result: x86_64-unknown-linux-gnu
configure:4037: checking how to print strings
configure:4064: result: printf
configure:4085: checking for a sed that does not truncate output
configure:4149: result: /bin/sed
configure:4167: checking for grep that handles long lines and -e
configure:4225: result: /bin/grep
configure:4230: checking for egrep
configure:4292: result: /bin/grep -E
configure:4297: checking for fgrep
configure:4359: result: /bin/grep -F
configure:4394: checking for ld used by gcc
configure:4461: result: /usr/bin/ld
configure:4468: checking if the linker (/usr/bin/ld) is GNU ld
configure:4483: result: yes
configure:4495: checking for BSD- or MS-compatible name lister (nm)
configure:4544: result: /usr/bin/nm -B
configure:4674: checking the name lister (/usr/bin/nm -B) interface
configure:4681: gcc -c -g -O0  conftest.c >&5
configure:4684: /usr/bin/nm -B "conftest.o"
configure:4687: output
0000000000000000 B some_variable
configure:4694: result: BSD nm
configure:4697: checking whether ln -s works
configure:4701: result: yes
configure:4709: checking the maximum length of command line arguments
configure:4840: result: 1572864
configure:4857: checking whether the shell understands some XSI constructs
configure:4867: result: yes
configure:4871: checking whether the shell understands "+="
configure:4877: result: yes
configure:4912: checking how to convert x86_64-unknown-linux-gnu file names to x86_64-unknown-linux-gnu format
configure:4952: result: func_convert_file_noop
configure:4959: checking how to convert x86_64-unknown-linux-gnu file names to toolchain format
configure:4979: result: func_convert_file_noop
configure:4986: checking for /usr/bin/ld option to reload object files
configure:4993: result: -r
configure:5067: checking for objdump
configure:5083: found /usr/bin/objdump
configure:5094: result: objdump
configure:5123: checking how to recognize dependent libraries
configure:5321: result: pass_all
configure:5406: checking for dlltool
configure:5436: result: no
configure:5463: checking how to associate runtime and link libraries
configure:5490: result: printf %s\n
configure:5551: checking for ar
configure:5567: found /usr/bin/ar
configure:5578: result: ar
configure:5615: checking for archiver @FILE support
configure:5632: gcc -c -g -O0  conftest.c >&5
configure:5632: $? = 0
configure:5635: ar cru libconftest.a @conftest.lst >&5
configure:5638: $? = 0
configure:5643: ar cru libconftest.a @conftest.lst >&5
ar: conftest.o: No such file or directory
configure:5646: $? = 1
configure:5658: result: @
configure:5716: checking for strip
configure:5732: found /usr/bin/strip
configure:5743: result: strip
configure:5815: checking for ranlib
configure:5831: found /usr/bin/ranlib
configure:5842: result: ranlib
configure:5944: checking command to parse /usr/bin/nm -B output from gcc object
configure:6064: gcc -c -g -O0  conftest.c >&5
configure:6067: $? = 0
configure:6071: /usr/bin/nm -B conftest.o \| sed -n -e 's/^.*[ ]\([ABCDGIRSTW][ABCDGIRSTW]*\)[ ][ ]*\([_A-Za-z][_A-Za-z0-9]*\)$/\1 \2 \2/p' | sed '/ __gnu_lto/d' \> conftest.nm
configure:6074: $? = 0
configure:6140: gcc -o conftest -g -O0   conftest.c conftstm.o >&5
configure:6143: $? = 0
configure:6181: result: ok
configure:6218: checking for sysroot
configure:6248: result: no
configure:6325: gcc -c -g -O0  conftest.c >&5
configure:6328: $? = 0
configure:6517: checking for mt
configure:6533: found /bin/mt
configure:6544: result: mt
configure:6567: checking if mt is a manifest tool
configure:6573: mt '-?'
configure:6581: result: no
configure:7223: checking how to run the C preprocessor
configure:7254: gcc -E  conftest.c
configure:7254: $? = 0
configure:7268: gcc -E  conftest.c
conftest.c:11:28: fatal error: ac_nonexistent.h: No such file or directory
 #include <ac_nonexistent.h>
                            ^
compilation terminated.
configure:7268: $? = 1
configure: failed program was:
| /* confdefs.h */
| #define PACKAGE_NAME "gnode"
| #define PACKAGE_TARNAME "gnode"
| #define PACKAGE_VERSION "0.1"
| #define PACKAGE_STRING "gnode 0.1"
| #define PACKAGE_BUGREPORT ""
| #define PACKAGE_URL ""
| #define PACKAGE "gnode"
| #define VERSION "0.1"
| /* end confdefs.h.  */
| #include <ac_nonexistent.h>
configure:7293: result: gcc -E
configure:7313: gcc -E  conftest.c
configure:7313: $? = 0
configure:7327: gcc -E  conftest.c
conftest.c:11:28: fatal error: ac_nonexistent.h: No such file or directory
 #include <ac_nonexistent.h>
                            ^
compilation terminated.
configure:7327: $? = 1
configure: failed program was:
| /* confdefs.h */
| #define PACKAGE_NAME "gnode"
| #define PACKAGE_TARNAME "gnode"
| #define PACKAGE_VERSION "0.1"
| #define PACKAGE_STRING "gnode 0.1"
| #define PACKAGE_BUGREPORT ""
| #define PACKAGE_URL ""
| #define PACKAGE "gnode"
| #define VERSION "0.1"
| /* end confdefs.h.  */
| #include <ac_nonexistent.h>
configure:7356: checking for ANSI C header files
configure:7376: gcc -c -g -O0  conftest.c >&5
configure:7376: $? = 0
configure:7449: gcc -o conftest -g -O0   conftest.c  >&5
configure:7449: $? = 0
configure:7449: ./conftest
configure:7449: $? = 0
configure:7460: result: yes
configure:7473: checking for sys/types.h
configure:7473: gcc -c -g -O0  conftest.c >&5
configure:7473: $? = 0
configure:7473: result: yes
configure:7473: checking for sys/stat.h
configure:7473: gcc -c -g -O0  conftest.c >&5
configure:7473: $? = 0
configure:7473: result: yes
configure:7473: checking for stdlib.h
configure:7473: gcc -c -g -O0  conftest.c >&5
configure:7473: $? = 0
configure:7473: result: yes
configure:7473: checking for string.h
configure:7473: gcc -c -g -O0  conftest.c >&5
configure:7473: $? = 0
configure:7473: result: yes
configure:7473: checking for memory.h
configure:7473: gcc -c -g -O0  conftest.c >&5
configure:7473: $? = 0
configure:7473: result: yes
configure:7473: checking for strings.h
configure:7473: gcc -c -g -O0  conftest.c >&5
configure:7473: $? = 0
configure:7473: result: yes
configure:7473: checking for inttypes.h
configure:7473: gcc -c -g -O0  conftest.c >&5
configure:7473: $? = 0
configure:7473: result: yes
configure:7473: checking for stdint.h
configure:7473: gcc -c -g -O0  conftest.c >&5
configure:7473: $? = 0
configure:7473: result: yes
configure:7473: checking for unistd.h
configure:7473: gcc -c -g -O0  conftest.c >&5
configure:7473: $? = 0
configure:7473: result: yes
configure:7487: checking for dlfcn.h
configure:7487: gcc -c -g -O0  conftest.c >&5
configure:7487: $? = 0
configure:7487: result: yes
configure:7991: checking for objdir
configure:8006: result: .libs
configure:8273: checking if gcc supports -fno-rtti -fno-exceptions
configure:8291: gcc -c -g -O0  -fno-rtti -fno-exceptions conftest.c >&5
cc1: warning: command line option '-fno-rtti' is valid for C++/ObjC++ but not for C [enabled by default]
configure:8295: $? = 0
configure:8308: result: no
configure:8635: checking for gcc option to produce PIC
configure:8642: result: -fPIC -DPIC
configure:8650: checking if gcc PIC flag -fPIC -DPIC works
configure:8668: gcc -c -g -O0  -fPIC -DPIC -DPIC conftest.c >&5
configure:8672: $? = 0
configure:8685: result: yes
configure:8714: checking if gcc static flag -static works
configure:8742: result: yes
configure:8757: checking if gcc supports -c -o file.o
configure:8778: gcc -c -g -O0  -o out/conftest2.o conftest.c >&5
configure:8782: $? = 0
configure:8804: result: yes
configure:8812: checking if gcc supports -c -o file.o
configure:8859: result: yes
configure:8892: checking whether the gcc linker (/usr/bin/ld -m elf_x86_64) supports shared libraries
configure:10049: result: yes
configure:10086: checking whether -lc should be explicitly linked in
configure:10094: gcc -c -g -O0  conftest.c >&5
configure:10097: $? = 0
configure:10112: gcc -shared  -fPIC -DPIC conftest.o  -v -Wl,-soname -Wl,conftest -o conftest 2\>\&1 \| /bin/grep  -lc  \>/dev/null 2\>\&1
configure:10115: $? = 0
configure:10129: result: no
configure:10289: checking dynamic linker characteristics
configure:10789: gcc -o conftest -g -O0   -Wl,-rpath -Wl,/foo conftest.c  >&5
configure:10789: $? = 0
configure:11023: result: GNU/Linux ld.so
configure:11130: checking how to hardcode library paths into programs
configure:11155: result: immediate
configure:11695: checking whether stripping libraries is possible
configure:11700: result: yes
configure:11735: checking if libtool supports shared libraries
configure:11737: result: yes
configure:11740: checking whether to build shared libraries
configure:11761: result: yes
configure:11764: checking whether to build static libraries
configure:11768: result: yes
configure:11808: checking for valac
configure:11826: found /usr/bin/valac
configure:11839: result: /usr/bin/valac
configure:11848: checking whether /usr/bin/valac is at least version 0.10.0
configure:11856: result: yes
configure:11933: checking for pkg-config
configure:11951: found /usr/bin/pkg-config
configure:11963: result: /usr/bin/pkg-config
configure:11988: checking pkg-config is at least version 0.9.0
configure:11991: result: yes
configure:12001: checking for GNODE
configure:12009: $PKG_CONFIG --exists --print-errors "gee-0.8
gtk+-3.0 gdk-pixbuf-2.0 gdk-3.0 cairo"
configure:12013: $? = 0
configure:12029: $PKG_CONFIG --exists --print-errors "gee-0.8
gtk+-3.0 gdk-pixbuf-2.0 gdk-3.0 cairo"
configure:12033: $? = 0
configure:12095: result: yes
configure:12212: checking that generated files are newer than configure
configure:12218: result: done
configure:12249: creating ./config.status

## ---------------------- ##
## Running config.status. ##
## ---------------------- ##

This file was extended by gnode config.status 0.1, which was
generated by GNU Autoconf 2.69.  Invocation command line was

  CONFIG_FILES    = 
  CONFIG_HEADERS  = 
  CONFIG_LINKS    = 
  CONFIG_COMMANDS = 
  $ ./config.status 

on plumpy

config.status:1095: creating Makefile
config.status:1095: creating src/Makefile
config.status:1095: creating config.h
config.status:1309: executing depfiles commands
config.status:1309: executing libtool commands
configure:14475: WARNING: unrecognized options: --enable-maintainer-mode

## ---------------- ##
## Cache variables. ##
## ---------------- ##

ac_cv_build=x86_64-unknown-linux-gnu
ac_cv_c_compiler_gnu=yes
ac_cv_env_CC_set=
ac_cv_env_CC_value=
ac_cv_env_CFLAGS_set=set
ac_cv_env_CFLAGS_value='-g -O0'
ac_cv_env_CPPFLAGS_set=
ac_cv_env_CPPFLAGS_value=
ac_cv_env_CPP_set=
ac_cv_env_CPP_value=
ac_cv_env_GNODE_CFLAGS_set=
ac_cv_env_GNODE_CFLAGS_value=
ac_cv_env_GNODE_LIBS_set=
ac_cv_env_GNODE_LIBS_value=
ac_cv_env_LDFLAGS_set=
ac_cv_env_LDFLAGS_value=
ac_cv_env_LIBS_set=
ac_cv_env_LIBS_value=
ac_cv_env_PKG_CONFIG_LIBDIR_set=
ac_cv_env_PKG_CONFIG_LIBDIR_value=
ac_cv_env_PKG_CONFIG_PATH_set=
ac_cv_env_PKG_CONFIG_PATH_value=
ac_cv_env_PKG_CONFIG_set=
ac_cv_env_PKG_CONFIG_value=
ac_cv_env_build_alias_set=
ac_cv_env_build_alias_value=
ac_cv_env_host_alias_set=
ac_cv_env_host_alias_value=
ac_cv_env_target_alias_set=
ac_cv_env_target_alias_value=
ac_cv_header_dlfcn_h=yes
ac_cv_header_inttypes_h=yes
ac_cv_header_memory_h=yes
ac_cv_header_stdc=yes
ac_cv_header_stdint_h=yes
ac_cv_header_stdlib_h=yes
ac_cv_header_string_h=yes
ac_cv_header_strings_h=yes
ac_cv_header_sys_stat_h=yes
ac_cv_header_sys_types_h=yes
ac_cv_header_unistd_h=yes
ac_cv_host=x86_64-unknown-linux-gnu
ac_cv_objext=o
ac_cv_path_EGREP='/bin/grep -E'
ac_cv_path_FGREP='/bin/grep -F'
ac_cv_path_GREP=/bin/grep
ac_cv_path_SED=/bin/sed
ac_cv_path_VALAC=/usr/bin/valac
ac_cv_path_ac_pt_PKG_CONFIG=/usr/bin/pkg-config
ac_cv_path_install='/usr/bin/install -c'
ac_cv_path_mkdir=/bin/mkdir
ac_cv_prog_AWK=gawk
ac_cv_prog_CPP='gcc -E'
ac_cv_prog_ac_ct_AR=ar
ac_cv_prog_ac_ct_CC=gcc
ac_cv_prog_ac_ct_MANIFEST_TOOL=mt
ac_cv_prog_ac_ct_OBJDUMP=objdump
ac_cv_prog_ac_ct_RANLIB=ranlib
ac_cv_prog_ac_ct_STRIP=strip
ac_cv_prog_cc_c89=
ac_cv_prog_cc_g=yes
ac_cv_prog_make_make_set=yes
am_cv_CC_dependencies_compiler_type=gcc3
am_cv_make_support_nested_variables=yes
am_cv_prog_cc_c_o=yes
lt_cv_ar_at_file=@
lt_cv_archive_cmds_need_lc=no
lt_cv_deplibs_check_method=pass_all
lt_cv_file_magic_cmd='$MAGIC_CMD'
lt_cv_file_magic_test_file=
lt_cv_ld_reload_flag=-r
lt_cv_nm_interface='BSD nm'
lt_cv_objdir=.libs
lt_cv_path_LD=/usr/bin/ld
lt_cv_path_NM='/usr/bin/nm -B'
lt_cv_path_mainfest_tool=no
lt_cv_prog_compiler_c_o=yes
lt_cv_prog_compiler_pic='-fPIC -DPIC'
lt_cv_prog_compiler_pic_works=yes
lt_cv_prog_compiler_rtti_exceptions=no
lt_cv_prog_compiler_static_works=yes
lt_cv_prog_gnu_ld=yes
lt_cv_sharedlib_from_linklib_cmd='printf %s\n'
lt_cv_shlibpath_overrides_runpath=no
lt_cv_sys_global_symbol_pipe='sed -n -e '\''s/^.*[	 ]\([ABCDGIRSTW][ABCDGIRSTW]*\)[	 ][	 ]*\([_A-Za-z][_A-Za-z0-9]*\)$/\1 \2 \2/p'\'' | sed '\''/ __gnu_lto/d'\'''
lt_cv_sys_global_symbol_to_c_name_address='sed -n -e '\''s/^: \([^ ]*\)[ ]*$/  {\"\1\", (void *) 0},/p'\'' -e '\''s/^[ABCDGIRSTW]* \([^ ]*\) \([^ ]*\)$/  {"\2", (void *) \&\2},/p'\'''
lt_cv_sys_global_symbol_to_c_name_address_lib_prefix='sed -n -e '\''s/^: \([^ ]*\)[ ]*$/  {\"\1\", (void *) 0},/p'\'' -e '\''s/^[ABCDGIRSTW]* \([^ ]*\) \(lib[^ ]*\)$/  {"\2", (void *) \&\2},/p'\'' -e '\''s/^[ABCDGIRSTW]* \([^ ]*\) \([^ ]*\)$/  {"lib\2", (void *) \&\2},/p'\'''
lt_cv_sys_global_symbol_to_cdecl='sed -n -e '\''s/^T .* \(.*\)$/extern int \1();/p'\'' -e '\''s/^[ABCDGIRSTW]* .* \(.*\)$/extern char \1;/p'\'''
lt_cv_sys_max_cmd_len=1572864
lt_cv_to_host_file_cmd=func_convert_file_noop
lt_cv_to_tool_file_cmd=func_convert_file_noop
pkg_cv_GNODE_CFLAGS='-pthread -I/usr/include/gee-0.8 -I/usr/include/glib-2.0 -I/usr/lib/x86_64-linux-gnu/glib-2.0/include -I/usr/include/gtk-3.0 -I/usr/include/atk-1.0 -I/usr/include/at-spi2-atk/2.0 -I/usr/include/pango-1.0 -I/usr/include/gio-unix-2.0/ -I/usr/include/cairo -I/usr/include/gdk-pixbuf-2.0 -I/usr/include/harfbuzz -I/usr/include/freetype2 -I/usr/include/pixman-1 -I/usr/include/libpng12  '
pkg_cv_GNODE_LIBS='-lgee-0.8 -lgtk-3 -latk-1.0 -lgio-2.0 -lgdk-3 -lpangocairo-1.0 -lgdk_pixbuf-2.0 -lcairo-gobject -lpango-1.0 -lgobject-2.0 -lglib-2.0 -lcairo  '

## ----------------- ##
## Output variables. ##
## ----------------- ##

ACLOCAL='${SHELL} /home/desiderantes/gnode/missing aclocal-1.14'
AMDEPBACKSLASH='\'
AMDEP_FALSE='#'
AMDEP_TRUE=''
AMTAR='$${TAR-tar}'
AM_BACKSLASH='\'
AM_DEFAULT_V='$(AM_DEFAULT_VERBOSITY)'
AM_DEFAULT_VERBOSITY='0'
AM_V='$(V)'
AR='ar'
AS='as'
AUTOCONF='${SHELL} /home/desiderantes/gnode/missing autoconf'
AUTOHEADER='${SHELL} /home/desiderantes/gnode/missing autoheader'
AUTOMAKE='${SHELL} /home/desiderantes/gnode/missing automake-1.14'
AWK='gawk'
CC='gcc'
CCDEPMODE='depmode=gcc3'
CFLAGS='-g -O0'
CPP='gcc -E'
CPPFLAGS=''
CYGPATH_W='echo'
DEFS='-DHAVE_CONFIG_H'
DEPDIR='.deps'
DLLTOOL='false'
DSYMUTIL=''
DUMPBIN=''
ECHO_C=''
ECHO_N='-n'
ECHO_T=''
EGREP='/bin/grep -E'
EXEEXT=''
FGREP='/bin/grep -F'
GNODE_CFLAGS='-pthread -I/usr/include/gee-0.8 -I/usr/include/glib-2.0 -I/usr/lib/x86_64-linux-gnu/glib-2.0/include -I/usr/include/gtk-3.0 -I/usr/include/atk-1.0 -I/usr/include/at-spi2-atk/2.0 -I/usr/include/pango-1.0 -I/usr/include/gio-unix-2.0/ -I/usr/include/cairo -I/usr/include/gdk-pixbuf-2.0 -I/usr/include/harfbuzz -I/usr/include/freetype2 -I/usr/include/pixman-1 -I/usr/include/libpng12  '
GNODE_LIBS='-lgee-0.8 -lgtk-3 -latk-1.0 -lgio-2.0 -lgdk-3 -lpangocairo-1.0 -lgdk_pixbuf-2.0 -lcairo-gobject -lpango-1.0 -lgobject-2.0 -lglib-2.0 -lcairo  '
GREP='/bin/grep'
INSTALL_DATA='${INSTALL} -m 644'
INSTALL_PROGRAM='${INSTALL}'
INSTALL_SCRIPT='${INSTALL}'
INSTALL_STRIP_PROGRAM='$(install_sh) -c -s'
LD='/usr/bin/ld -m elf_x86_64'
LDFLAGS=''
LIBOBJS=''
LIBS=''
LIBTOOL='$(SHELL) $(top_builddir)/libtool'
LIPO=''
LN_S='ln -s'
LTLIBOBJS=''
MAKEINFO='${SHELL} /home/desiderantes/gnode/missing makeinfo'
MANIFEST_TOOL=':'
MKDIR_P='/bin/mkdir -p'
NATIVE_WIN32_FALSE=''
NATIVE_WIN32_TRUE='#'
NM='/usr/bin/nm -B'
NMEDIT=''
OBJDUMP='objdump'
OBJEXT='o'
OTOOL64=''
OTOOL=''
PACKAGE='gnode'
PACKAGE_BUGREPORT=''
PACKAGE_NAME='gnode'
PACKAGE_STRING='gnode 0.1'
PACKAGE_TARNAME='gnode'
PACKAGE_URL=''
PACKAGE_VERSION='0.1'
PATH_SEPARATOR=':'
PKG_CONFIG='/usr/bin/pkg-config'
PKG_CONFIG_LIBDIR=''
PKG_CONFIG_PATH=''
PLATFORM_WIN32_FALSE=''
PLATFORM_WIN32_TRUE='#'
RANLIB='ranlib'
SED='/bin/sed'
SET_MAKE=''
SHELL='/bin/bash'
STRIP='strip'
VALAC='/usr/bin/valac'
VERSION='0.1'
ac_ct_AR='ar'
ac_ct_CC='gcc'
ac_ct_DUMPBIN=''
am__EXEEXT_FALSE=''
am__EXEEXT_TRUE='#'
am__fastdepCC_FALSE='#'
am__fastdepCC_TRUE=''
am__include='include'
am__isrc=' -I$(srcdir)'
am__leading_dot='.'
am__nodep='_no'
am__quote=''
am__tar='$${TAR-tar} chof - "$$tardir"'
am__untar='$${TAR-tar} xf -'
bindir='${exec_prefix}/bin'
build='x86_64-unknown-linux-gnu'
build_alias=''
build_cpu='x86_64'
build_os='linux-gnu'
build_vendor='unknown'
datadir='${datarootdir}'
datarootdir='${prefix}/share'
docdir='${datarootdir}/doc/${PACKAGE_TARNAME}'
dvidir='${docdir}'
exec_prefix='${prefix}'
host='x86_64-unknown-linux-gnu'
host_alias=''
host_cpu='x86_64'
host_os='linux-gnu'
host_vendor='unknown'
htmldir='${docdir}'
includedir='${prefix}/include'
infodir='${datarootdir}/info'
install_sh='${SHELL} /home/desiderantes/gnode/install-sh'
libdir='${exec_prefix}/lib'
libexecdir='${exec_prefix}/libexec'
localedir='${datarootdir}/locale'
localstatedir='${prefix}/var'
mandir='${datarootdir}/man'
mkdir_p='$(MKDIR_P)'
oldincludedir='/usr/include'
pdfdir='${docdir}'
prefix='/usr/local'
program_transform_name='s,x,x,'
psdir='${docdir}'
sbindir='${exec_prefix}/sbin'
sharedstatedir='${prefix}/com'
sysconfdir='${prefix}/etc'
target_alias=''

## ----------- ##
## confdefs.h. ##
## ----------- ##

/* confdefs.h */
#define PACKAGE_NAME "gnode"
#define PACKAGE_TARNAME "gnode"
#define PACKAGE_VERSION "0.1"
#define PACKAGE_STRING "gnode 0.1"
#define PACKAGE_BUGREPORT ""
#define PACKAGE_URL ""
#define PACKAGE "gnode"
#define VERSION "0.1"
#define STDC_HEADERS 1
#define HAVE_SYS_TYPES_H 1
#define HAVE_SYS_STAT_H 1
#define HAVE_STDLIB_H 1
#define HAVE_STRING_H 1
#define HAVE_MEMORY_H 1
#define HAVE_STRINGS_H 1
#define HAVE_INTTYPES_H 1
#define HAVE_STDINT_H 1
#define HAVE_UNISTD_H 1
#define HAVE_DLFCN_H 1
#define LT_OBJDIR ".libs/"

configure: exit 0
